<?xml version="1.0" encoding="UTF-8"?>
<!-- Generated by org.testng.reporters.JUnitReportReporter -->
<testsuite skipped="0" hostname="DESKTOP-E75EO5A" name="ai.qa.autotest.ui.testcases.WorkOrderManagerTest" tests="1" failures="0" timestamp="30 三月 2018 10:10:17 GMT" time="46.768" errors="0">
  <testcase name="testWorkorderMonitorList" time="46.768" classname="ai.qa.autotest.ui.testcases.WorkOrderManagerTest"/>
</testsuite> <!-- ai.qa.autotest.ui.testcases.WorkOrderManagerTest -->
